Using pre-set license
Built from '2021.2/staging' branch; Version is '2021.2.7f1 (6bd9e232123f) revision 7068130'; Using compiler version '192829333'; Build Type 'Release'
OS: 'Windows 11  (10.0.22000) 64bit Professional' Language: 'en' Physical Memory: 32584 MB
BatchMode: 1, IsHumanControllingUs: 0, StartBugReporterOnCrash: 0, Is64bit: 1, IsPro: 0

COMMAND LINE ARGUMENTS:
C:\Program Files\Unity\Hub\Editor\2021.2.7f1\Editor\Unity.exe
-adb2
-batchMode
-noUpm
-name
AssetImportWorker0
-projectPath
C:/Users/TatsuyaKosuda/Documents/UnityProjects/CustomPostProcessingSamples
-logFile
Logs/AssetImportWorker0.log
-srvPort
54803
Successfully changed project path to: C:/Users/TatsuyaKosuda/Documents/UnityProjects/CustomPostProcessingSamples
C:/Users/TatsuyaKosuda/Documents/UnityProjects/CustomPostProcessingSamples
[UnityMemory] Configuration Parameters - Can be set up in boot.config
    "memorysetup-bucket-allocator-granularity=16"
    "memorysetup-bucket-allocator-bucket-count=8"
    "memorysetup-bucket-allocator-block-size=33554432"
    "memorysetup-bucket-allocator-block-count=8"
    "memorysetup-main-allocator-block-size=16777216"
    "memorysetup-thread-allocator-block-size=16777216"
    "memorysetup-gfx-main-allocator-block-size=16777216"
    "memorysetup-gfx-thread-allocator-block-size=16777216"
    "memorysetup-cache-allocator-block-size=4194304"
    "memorysetup-typetree-allocator-block-size=2097152"
    "memorysetup-profiler-bucket-allocator-granularity=16"
    "memorysetup-profiler-bucket-allocator-bucket-count=8"
    "memorysetup-profiler-bucket-allocator-block-size=33554432"
    "memorysetup-profiler-bucket-allocator-block-count=8"
    "memorysetup-profiler-allocator-block-size=16777216"
    "memorysetup-profiler-editor-allocator-block-size=1048576"
    "memorysetup-temp-allocator-size-main=16777216"
    "memorysetup-job-temp-allocator-block-size=2097152"
    "memorysetup-job-temp-allocator-block-size-background=1048576"
    "memorysetup-job-temp-allocator-reduction-small-platforms=262144"
    "memorysetup-temp-allocator-size-background-worker=32768"
    "memorysetup-temp-allocator-size-job-worker=262144"
    "memorysetup-temp-allocator-size-preload-manager=33554432"
    "memorysetup-temp-allocator-size-nav-mesh-worker=65536"
    "memorysetup-temp-allocator-size-audio-worker=65536"
    "memorysetup-temp-allocator-size-cloud-worker=32768"
    "memorysetup-temp-allocator-size-gi-baking-worker=262144"
    "memorysetup-temp-allocator-size-gfx=262144"
Refreshing native plugins compatible for Editor in 64.59 ms, found 2 plugins.
Preloading 0 native plugins for Editor in 0.00 ms.
Initialize engine version: 2021.2.7f1 (6bd9e232123f)
[Subsystems] Discovering subsystems at path C:/Program Files/Unity/Hub/Editor/2021.2.7f1/Editor/Data/Resources/UnitySubsystems
[Subsystems] Discovering subsystems at path C:/Users/TatsuyaKosuda/Documents/UnityProjects/CustomPostProcessingSamples/Assets
GfxDevice: creating device client; threaded=0; jobified=0
Direct3D:
    Version:  Direct3D 11.0 [level 11.1]
    Renderer: NVIDIA GeForce RTX 2070 Super with Max-Q Design (ID=0x1e91)
    Vendor:   NVIDIA
    VRAM:     8012 MB
    Driver:   30.0.14.9729
Initialize mono
Mono path[0] = 'C:/Program Files/Unity/Hub/Editor/2021.2.7f1/Editor/Data/Managed'
Mono path[1] = 'C:/Program Files/Unity/Hub/Editor/2021.2.7f1/Editor/Data/MonoBleedingEdge/lib/mono/unityjit-win32'
Mono config path = 'C:/Program Files/Unity/Hub/Editor/2021.2.7f1/Editor/Data/MonoBleedingEdge/etc'
Using monoOptions --debugger-agent=transport=dt_socket,embedding=1,server=y,suspend=n,address=127.0.0.1:56596
Begin MonoManager ReloadAssembly
Registering precompiled unity dll's ...
Register platform support module: C:/Program Files/Unity/Hub/Editor/2021.2.7f1/Editor/Data/PlaybackEngines/WindowsStandaloneSupport/UnityEditor.WindowsStandalone.Extensions.dll
Registered in 0.005243 seconds.
Native extension for WindowsStandalone target not found
Refreshing native plugins compatible for Editor in 50.54 ms, found 2 plugins.
Preloading 0 native plugins for Editor in 0.00 ms.
Mono: successfully reloaded assembly
- Completed reload, in  0.557 seconds
Domain Reload Profiling:
	ReloadAssembly (557ms)
		BeginReloadAssembly (60ms)
			ExecutionOrderSort (0ms)
			DisableScriptedObjects (0ms)
			BackupInstance (0ms)
			ReleaseScriptingObjects (0ms)
			CreateAndSetChildDomain (1ms)
		EndReloadAssembly (426ms)
			LoadAssemblies (58ms)
			RebuildTransferFunctionScriptingTraits (0ms)
			SetupTypeCache (105ms)
			ReleaseScriptCaches (0ms)
			RebuildScriptCaches (25ms)
			SetupLoadedEditorAssemblies (249ms)
				LogAssemblyErrors (0ms)
				InitializePlatformSupportModulesInManaged (14ms)
				SetLoadedEditorAssemblies (0ms)
				RefreshPlugins (51ms)
				BeforeProcessingInitializeOnLoad (1ms)
				ProcessInitializeOnLoadAttributes (132ms)
				ProcessInitializeOnLoadMethodAttributes (50ms)
				AfterProcessingInitializeOnLoad (0ms)
				EditorAssembliesLoaded (0ms)
			ExecutionOrderSort2 (0ms)
			AwakeInstancesAfterBackupRestoration (0ms)
Platform modules already initialized, skipping
Registering precompiled user dll's ...
Registered in 0.004127 seconds.
Begin MonoManager ReloadAssembly
Native extension for WindowsStandalone target not found
Refreshing native plugins compatible for Editor in 55.88 ms, found 2 plugins.
Preloading 0 native plugins for Editor in 0.00 ms.
Mono: successfully reloaded assembly
- Completed reload, in  1.256 seconds
Domain Reload Profiling:
	ReloadAssembly (1257ms)
		BeginReloadAssembly (99ms)
			ExecutionOrderSort (0ms)
			DisableScriptedObjects (7ms)
			BackupInstance (0ms)
			ReleaseScriptingObjects (0ms)
			CreateAndSetChildDomain (20ms)
		EndReloadAssembly (1070ms)
			LoadAssemblies (62ms)
			RebuildTransferFunctionScriptingTraits (0ms)
			SetupTypeCache (221ms)
			ReleaseScriptCaches (1ms)
			RebuildScriptCaches (71ms)
			SetupLoadedEditorAssemblies (674ms)
				LogAssemblyErrors (0ms)
				InitializePlatformSupportModulesInManaged (9ms)
				SetLoadedEditorAssemblies (0ms)
				RefreshPlugins (56ms)
				BeforeProcessingInitializeOnLoad (86ms)
				ProcessInitializeOnLoadAttributes (449ms)
				ProcessInitializeOnLoadMethodAttributes (68ms)
				AfterProcessingInitializeOnLoad (5ms)
				EditorAssembliesLoaded (0ms)
			ExecutionOrderSort2 (0ms)
			AwakeInstancesAfterBackupRestoration (5ms)
Platform modules already initialized, skipping
========================================================================
Worker process is ready to serve import requests
Launched and connected shader compiler UnityShaderCompiler.exe after 0.06 seconds
Refreshing native plugins compatible for Editor in 1.28 ms, found 2 plugins.
Preloading 0 native plugins for Editor in 0.00 ms.
Unloading 3926 Unused Serialized files (Serialized files now loaded: 0)
Unloading 30 unused Assets / (1.5 MB). Loaded Objects now: 4431.
Memory consumption went from 182.8 MB to 181.4 MB.
Total: 3.765900 ms (FindLiveObjects: 0.320400 ms CreateObjectMapping: 0.304400 ms MarkObjects: 2.698900 ms  DeleteObjects: 0.441100 ms)

AssetImportParameters requested are different than current active one (requested -> active):
  custom:video-decoder-ogg-theora: a1e56fd34408186e4bbccfd4996cb3dc -> 
  custom:container-muxer-webm: aa71ff27fc2769a1b78a27578f13a17b -> 
  custom:container-demuxer-webm: 4f35f7cbe854078d1ac9338744f61a02 -> 
  custom:video-encoder-webm-vp8: eb34c28f22e8b96e1ab97ce403110664 -> 
  custom:audio-encoder-webm-vorbis: bf7c407c2cedff20999df2af8eb42d56 -> 
  custom:framework-win-MediaFoundation: 216162199b28c13a410421893ffa2e32 -> 
  custom:container-demuxer-ogg: 62fdf1f143b41e24485cea50d1cbac27 -> 
  custom:video-decoder-webm-vp8: 9c59270c3fd7afecdb556c50c9e8de78 -> 
  custom:audio-decoder-ogg-vorbis: bf7c407c2cedff20999df2af8eb42d56 -> 
========================================================================
Received Import Request.
  Time since last request: 19369.777327 seconds.
  path: Assets/UniversalRenderPipelineGlobalSettings.asset
  artifactKey: Guid(e85c677f2dea0b045aa4d1448aad3122) Importer(815301076,1909f56bfc062723c751e8b465ee728b)
Start importing Assets/UniversalRenderPipelineGlobalSettings.asset using Guid(e85c677f2dea0b045aa4d1448aad3122) Importer(815301076,1909f56bfc062723c751e8b465ee728b)  -> (artifact id: '80fcaad22ca54bf33328d80a1504fce3') in 0.028048 seconds 
========================================================================
Received Import Request.
  Time since last request: 78.407938 seconds.
  path: Assets/URPSettings
  artifactKey: Guid(feda0bec7579b514fb357e4b9ed524c2) Importer(815301076,1909f56bfc062723c751e8b465ee728b)
Start importing Assets/URPSettings using Guid(feda0bec7579b514fb357e4b9ed524c2) Importer(815301076,1909f56bfc062723c751e8b465ee728b)  -> (artifact id: 'ab2b59fe2b4174c2cd5d4759466a58ce') in 0.007864 seconds 
========================================================================
Received Import Request.
  Time since last request: 0.495154 seconds.
  path: Assets/Samples
  artifactKey: Guid(d822251a5c0e7aa4289392d012ecdf9d) Importer(815301076,1909f56bfc062723c751e8b465ee728b)
Start importing Assets/Samples using Guid(d822251a5c0e7aa4289392d012ecdf9d) Importer(815301076,1909f56bfc062723c751e8b465ee728b)  -> (artifact id: 'b19da96adb21807deab9a9ad4002abcd') in 0.009226 seconds 
========================================================================
Received Import Request.
  Time since last request: 3.090697 seconds.
  path: Assets/Samples/PostProcessing.asset
  artifactKey: Guid(b9426061c5ec00848afa7bd3b28ffa72) Importer(815301076,1909f56bfc062723c751e8b465ee728b)
Start importing Assets/Samples/PostProcessing.asset using Guid(b9426061c5ec00848afa7bd3b28ffa72) Importer(815301076,1909f56bfc062723c751e8b465ee728b)  -> (artifact id: '509de2257fd9506736f1c72832d52d97') in 0.015688 seconds 
========================================================================
Received Import Request.
  Time since last request: 1.651814 seconds.
  path: Assets/Samples/Sample.vfx
  artifactKey: Guid(91dcae56f8bde9e47ac2a3a91a736551) Importer(815301076,1909f56bfc062723c751e8b465ee728b)
Start importing Assets/Samples/Sample.vfx using Guid(91dcae56f8bde9e47ac2a3a91a736551) Importer(815301076,1909f56bfc062723c751e8b465ee728b)  -> (artifact id: '7fa9d4578d676cf79f76c6043981b5f9') in 0.346813 seconds 
========================================================================
Received Import Request.
  Time since last request: 9.512323 seconds.
  path: Packages/jp.tatsuya-kosuda.urp-cpp/Runtime/Base
  artifactKey: Guid(3d15e0c51df2f0c46a91a8cadfa7d3f3) Importer(815301076,1909f56bfc062723c751e8b465ee728b)
Start importing Packages/jp.tatsuya-kosuda.urp-cpp/Runtime/Base using Guid(3d15e0c51df2f0c46a91a8cadfa7d3f3) Importer(815301076,1909f56bfc062723c751e8b465ee728b)  -> (artifact id: '780fcce3288ae81de7107486c0f49cec') in 0.009283 seconds 
========================================================================
Received Import Request.
  Time since last request: 0.484727 seconds.
  path: Packages/jp.tatsuya-kosuda.urp-cpp/Runtime
  artifactKey: Guid(1835dc5c1ef21cd42ab5255774215869) Importer(815301076,1909f56bfc062723c751e8b465ee728b)
Start importing Packages/jp.tatsuya-kosuda.urp-cpp/Runtime using Guid(1835dc5c1ef21cd42ab5255774215869) Importer(815301076,1909f56bfc062723c751e8b465ee728b)  -> (artifact id: 'd697680c3f1c7fffeb005c304299ee57') in 0.007849 seconds 
========================================================================
Received Import Request.
  Time since last request: 4.255553 seconds.
  path: Packages/jp.tatsuya-kosuda.urp-cpp/Runtime/CustomPostProcessing.Runtime.asmdef
  artifactKey: Guid(285c20dbfdca3504f9bb74e73c9b5749) Importer(815301076,1909f56bfc062723c751e8b465ee728b)
Start importing Packages/jp.tatsuya-kosuda.urp-cpp/Runtime/CustomPostProcessing.Runtime.asmdef using Guid(285c20dbfdca3504f9bb74e73c9b5749) Importer(815301076,1909f56bfc062723c751e8b465ee728b)  -> (artifact id: '70aade37acc85cc48bb8847474782c54') in 0.009326 seconds 
========================================================================
Received Import Request.
  Time since last request: 0.386695 seconds.
  path: Packages/jp.tatsuya-kosuda.urp-cpp/LICENSE
  artifactKey: Guid(572e8ef7fcffb1d4f8fde59262e9ac0e) Importer(815301076,1909f56bfc062723c751e8b465ee728b)
Start importing Packages/jp.tatsuya-kosuda.urp-cpp/LICENSE using Guid(572e8ef7fcffb1d4f8fde59262e9ac0e) Importer(815301076,1909f56bfc062723c751e8b465ee728b)  -> (artifact id: '16569e6b202394f36f02b78a5d180d3f') in 0.007561 seconds 
========================================================================
Received Import Request.
  Time since last request: 0.449074 seconds.
  path: Packages/jp.tatsuya-kosuda.urp-cpp/package.json
  artifactKey: Guid(03645ea6dfd7f2d4daeadda2fdffc64c) Importer(815301076,1909f56bfc062723c751e8b465ee728b)
Start importing Packages/jp.tatsuya-kosuda.urp-cpp/package.json using Guid(03645ea6dfd7f2d4daeadda2fdffc64c) Importer(815301076,1909f56bfc062723c751e8b465ee728b)  -> (artifact id: '4f1a505329bd979444ec3a3861431a2c') in 0.008917 seconds 
========================================================================
Received Import Request.
  Time since last request: 5.455343 seconds.
  path: Packages/jp.tatsuya-kosuda.urp-cpp/Runtime/Base/CustomPostProcessing.cs
  artifactKey: Guid(ee4f2689843bb8c428b28bb998ebc381) Importer(815301076,1909f56bfc062723c751e8b465ee728b)
Start importing Packages/jp.tatsuya-kosuda.urp-cpp/Runtime/Base/CustomPostProcessing.cs using Guid(ee4f2689843bb8c428b28bb998ebc381) Importer(815301076,1909f56bfc062723c751e8b465ee728b)  -> (artifact id: '6b6b0ada0d6bc4b52603d563303313bf') in 0.014398 seconds 
========================================================================
Received Import Request.
  Time since last request: 59.257556 seconds.
  path: Assets/URPSettings/UniversalRenderPipelineAsset.asset
  artifactKey: Guid(63c23ada0267d4a468215b60c06efafc) Importer(815301076,1909f56bfc062723c751e8b465ee728b)
Start importing Assets/URPSettings/UniversalRenderPipelineAsset.asset using Guid(63c23ada0267d4a468215b60c06efafc) Importer(815301076,1909f56bfc062723c751e8b465ee728b)  -> (artifact id: '3247b31b28271d2074016f6c3432448b') in 0.006144 seconds 
========================================================================
Received Import Request.
  Time since last request: 0.753571 seconds.
  path: Assets/URPSettings/UniversalRenderPipelineAsset_Renderer.asset
  artifactKey: Guid(93c97d7fedc931446b793c0124e989c4) Importer(815301076,1909f56bfc062723c751e8b465ee728b)
Start importing Assets/URPSettings/UniversalRenderPipelineAsset_Renderer.asset using Guid(93c97d7fedc931446b793c0124e989c4) Importer(815301076,1909f56bfc062723c751e8b465ee728b)  -> (artifact id: 'e8418bc30c40094f99781e4a08acc7ba') in 0.008920 seconds 
========================================================================
Received Import Request.
  Time since last request: 20.560499 seconds.
  path: Packages/jp.tatsuya-kosuda.urp-cpp/Package Resources/Shaders/Resources/BorderNoise.shadergraph
  artifactKey: Guid(5e5d59aaead8b7d44b92784d96bd459b) Importer(815301076,1909f56bfc062723c751e8b465ee728b)
Start importing Packages/jp.tatsuya-kosuda.urp-cpp/Package Resources/Shaders/Resources/BorderNoise.shadergraph using Guid(5e5d59aaead8b7d44b92784d96bd459b) Importer(815301076,1909f56bfc062723c751e8b465ee728b)  -> (artifact id: '04d60f02b19ae5d451e76402e546403a') in 0.007775 seconds 
========================================================================
Received Import Request.
  Time since last request: 12.439854 seconds.
  path: Packages/jp.tatsuya-kosuda.urp-cpp/Package Resources/Shaders/Resources/BorderNoise.shadergraph
  artifactKey: Guid(5e5d59aaead8b7d44b92784d96bd459b) Importer(815301076,1909f56bfc062723c751e8b465ee728b)
Start importing Packages/jp.tatsuya-kosuda.urp-cpp/Package Resources/Shaders/Resources/BorderNoise.shadergraph using Guid(5e5d59aaead8b7d44b92784d96bd459b) Importer(815301076,1909f56bfc062723c751e8b465ee728b)  -> (artifact id: '20f9328eca6e49d753d3f01796606352') in 0.002443 seconds 
========================================================================
Received Import Request.
  Time since last request: 2.024193 seconds.
  path: Packages/jp.tatsuya-kosuda.urp-cpp/Package Resources/Shaders/Resources
  artifactKey: Guid(f0bb6708fd99d6f4789265ac7e9bb58d) Importer(815301076,1909f56bfc062723c751e8b465ee728b)
Start importing Packages/jp.tatsuya-kosuda.urp-cpp/Package Resources/Shaders/Resources using Guid(f0bb6708fd99d6f4789265ac7e9bb58d) Importer(815301076,1909f56bfc062723c751e8b465ee728b)  -> (artifact id: '0acb94df08cdcf7b9640f65a7398c515') in 0.007382 seconds 
========================================================================
Received Import Request.
  Time since last request: 225.995207 seconds.
  path: Packages/jp.tatsuya-kosuda.urp-cpp/Editor/CustomPostProcessing.Editor.asmdef
  artifactKey: Guid(781308134e304454796408a9f1d3927f) Importer(815301076,1909f56bfc062723c751e8b465ee728b)
Start importing Packages/jp.tatsuya-kosuda.urp-cpp/Editor/CustomPostProcessing.Editor.asmdef using Guid(781308134e304454796408a9f1d3927f) Importer(815301076,1909f56bfc062723c751e8b465ee728b)  -> (artifact id: '8bff4474a98bd1f421fc7ab0ea085860') in 0.007463 seconds 
========================================================================
Received Import Request.
  Time since last request: 13.150337 seconds.
  path: Packages/jp.tatsuya-kosuda.urp-cpp/Runtime/Base/CustomPostProcessingFeature.cs
  artifactKey: Guid(b6b0d90b830b5704598df324e8342785) Importer(815301076,1909f56bfc062723c751e8b465ee728b)
Start importing Packages/jp.tatsuya-kosuda.urp-cpp/Runtime/Base/CustomPostProcessingFeature.cs using Guid(b6b0d90b830b5704598df324e8342785) Importer(815301076,1909f56bfc062723c751e8b465ee728b)  -> (artifact id: '1ccb0e903e04a9c02d8ca816f46094cf') in 0.006699 seconds 
========================================================================
Received Import Request.
  Time since last request: 4.869402 seconds.
  path: Packages/jp.tatsuya-kosuda.urp-cpp/Runtime/Base/CustomPostProcessingPass.cs
  artifactKey: Guid(234b720790b783a49b8df25c5d7aee94) Importer(815301076,1909f56bfc062723c751e8b465ee728b)
Start importing Packages/jp.tatsuya-kosuda.urp-cpp/Runtime/Base/CustomPostProcessingPass.cs using Guid(234b720790b783a49b8df25c5d7aee94) Importer(815301076,1909f56bfc062723c751e8b465ee728b)  -> (artifact id: '8f84a3282027605848886ecddc804d1b') in 0.007238 seconds 
========================================================================
Received Import Request.
  Time since last request: 104.665272 seconds.
  path: Packages/jp.tatsuya-kosuda.urp-cpp/Runtime/Base/CustomPostProcessingPass.cs
  artifactKey: Guid(234b720790b783a49b8df25c5d7aee94) Importer(815301076,1909f56bfc062723c751e8b465ee728b)
Start importing Packages/jp.tatsuya-kosuda.urp-cpp/Runtime/Base/CustomPostProcessingPass.cs using Guid(234b720790b783a49b8df25c5d7aee94) Importer(815301076,1909f56bfc062723c751e8b465ee728b)  -> (artifact id: '7f5e9e1278a91b57db24d14a85573b9c') in 0.003080 seconds 
========================================================================
Received Prepare
Registering precompiled user dll's ...
Registered in 0.003731 seconds.
Begin MonoManager ReloadAssembly
Native extension for WindowsStandalone target not found
Refreshing native plugins compatible for Editor in 0.65 ms, found 2 plugins.
Preloading 0 native plugins for Editor in 0.00 ms.
Mono: successfully reloaded assembly
- Completed reload, in  1.145 seconds
Domain Reload Profiling:
	ReloadAssembly (1145ms)
		BeginReloadAssembly (124ms)
			ExecutionOrderSort (0ms)
			DisableScriptedObjects (8ms)
			BackupInstance (0ms)
			ReleaseScriptingObjects (0ms)
			CreateAndSetChildDomain (36ms)
		EndReloadAssembly (930ms)
			LoadAssemblies (69ms)
			RebuildTransferFunctionScriptingTraits (0ms)
			SetupTypeCache (223ms)
			ReleaseScriptCaches (3ms)
			RebuildScriptCaches (77ms)
			SetupLoadedEditorAssemblies (482ms)
				LogAssemblyErrors (0ms)
				InitializePlatformSupportModulesInManaged (11ms)
				SetLoadedEditorAssemblies (0ms)
				RefreshPlugins (1ms)
				BeforeProcessingInitializeOnLoad (81ms)
				ProcessInitializeOnLoadAttributes (312ms)
				ProcessInitializeOnLoadMethodAttributes (70ms)
				AfterProcessingInitializeOnLoad (7ms)
				EditorAssembliesLoaded (0ms)
			ExecutionOrderSort2 (0ms)
			AwakeInstancesAfterBackupRestoration (23ms)
Platform modules already initialized, skipping
Refreshing native plugins compatible for Editor in 0.69 ms, found 2 plugins.
Preloading 0 native plugins for Editor in 0.00 ms.
Unloading 3787 Unused Serialized files (Serialized files now loaded: 0)
Unloading 22 unused Assets / (1.1 MB). Loaded Objects now: 4701.
Memory consumption went from 182.3 MB to 181.2 MB.
Total: 3.550600 ms (FindLiveObjects: 0.325000 ms CreateObjectMapping: 0.274600 ms MarkObjects: 2.780300 ms  DeleteObjects: 0.169700 ms)

AssetImportParameters requested are different than current active one (requested -> active):
  custom:video-decoder-ogg-theora: a1e56fd34408186e4bbccfd4996cb3dc -> 
  custom:container-muxer-webm: aa71ff27fc2769a1b78a27578f13a17b -> 
  custom:container-demuxer-webm: 4f35f7cbe854078d1ac9338744f61a02 -> 
  custom:video-encoder-webm-vp8: eb34c28f22e8b96e1ab97ce403110664 -> 
  custom:audio-encoder-webm-vorbis: bf7c407c2cedff20999df2af8eb42d56 -> 
  custom:framework-win-MediaFoundation: 216162199b28c13a410421893ffa2e32 -> 
  custom:container-demuxer-ogg: 62fdf1f143b41e24485cea50d1cbac27 -> 
  custom:video-decoder-webm-vp8: 9c59270c3fd7afecdb556c50c9e8de78 -> 
  custom:audio-decoder-ogg-vorbis: bf7c407c2cedff20999df2af8eb42d56 -> 
